2013-06-09 15:23:31: -- FrostyDeals.com: ANALYSIS started by User on 'COLBY-XPS' (GoodSync 9.4.9.5)
2013-06-09 15:23:31: C:\wamp\www\Frosty\wp-content\themes\frosty =PropDels=> ftp://gaborone.dreamhost.com/frostydeals.com/wp-content/themes/frosty, CopyCreateTime
2013-06-09 15:23:31: L: State file does not exist: C:\wamp\www\Frosty\wp-content\themes\frosty\_gsdata_\_file_state._gs
2013-06-09 15:23:31: L: No State File found, New State will be built
2013-06-09 15:23:31: L: Files: 95 (excluded 5). Folders: 11 (excluded 6). C: NTFS, Free: 327 GB, Total: 465 GB
2013-06-09 15:23:31: R: State file does not exist: ftp://gaborone.dreamhost.com/frostydeals.com/wp-content/themes/frosty/_gsdata_/_file_state._gs
2013-06-09 15:23:31: R: No State File found, New State will be built
2013-06-09 15:23:31: R: Files: 0 (excluded 0). Folders: 0 (excluded 0). FTP: DreamHost FTP Server
2013-06-09 15:23:31: Changes: 106, Conflicts: 0, CopyTime: 0, CopyState: 0/0, Errors: 0
2013-06-09 15:23:31: Left to Right: Copy File: 106 
2013-06-09 15:23:31: -- Analysis Completed. Time 00:00:02, Speed: 58 files/s
2013-06-09 15:23:31: 
2013-06-09 15:23:36: New _gsdata_ folder(s) created, so rescan all job folders for their ghosts
2013-06-09 15:23:36: == FrostyDeals.com: SYNC started by User on 'COLBY-XPS'
2013-06-09 15:23:36: C:\wamp\www\Frosty\wp-content\themes\frosty =PropDels=> ftp://gaborone.dreamhost.com/frostydeals.com/wp-content/themes/frosty, CopyCreateTime
2013-06-09 15:23:38: Create Folder 'ftp://gaborone.dreamhost.com/frostydeals.com/wp-content/themes/frosty/assets'
2013-06-09 15:23:38: Create Folder 'ftp://gaborone.dreamhost.com/frostydeals.com/wp-content/themes/frosty/assets/fonts'
2013-06-09 15:23:38: Create Folder 'ftp://gaborone.dreamhost.com/frostydeals.com/wp-content/themes/frosty/assets/fonts/icomoon'
2013-06-09 15:23:38: Create Folder 'ftp://gaborone.dreamhost.com/frostydeals.com/wp-content/themes/frosty/assets/img'
2013-06-09 15:23:38: Create Folder 'ftp://gaborone.dreamhost.com/frostydeals.com/wp-content/themes/frosty/assets/js'
2013-06-09 15:23:39: Create Folder 'ftp://gaborone.dreamhost.com/frostydeals.com/wp-content/themes/frosty/assets/js/lib'
2013-06-09 15:23:39: Create Folder 'ftp://gaborone.dreamhost.com/frostydeals.com/wp-content/themes/frosty/assets/js/lib/modules'
2013-06-09 15:23:39: Create Folder 'ftp://gaborone.dreamhost.com/frostydeals.com/wp-content/themes/frosty/images'
2013-06-09 15:23:39: Create Folder 'ftp://gaborone.dreamhost.com/frostydeals.com/wp-content/themes/frosty/images/_originals'
2013-06-09 15:23:39: Create Folder 'ftp://gaborone.dreamhost.com/frostydeals.com/wp-content/themes/frosty/lib'
2013-06-09 15:23:39: Create Folder 'ftp://gaborone.dreamhost.com/frostydeals.com/wp-content/themes/frosty/scrape'
2013-06-09 15:23:40: Copy New 'C:\wamp\www\Frosty\wp-content\themes\frosty\.htaccess' -> 'ftp://gaborone.dreamhost.com/frostydeals.com/wp-content/themes/frosty/.htaccess'
2013-06-09 15:23:41: Copy New 'C:\wamp\www\Frosty\wp-content\themes\frosty\404.php' -> 'ftp://gaborone.dreamhost.com/frostydeals.com/wp-content/themes/frosty/404.php'
2013-06-09 15:23:41: Copy New 'C:\wamp\www\Frosty\wp-content\themes\frosty\archive.php' -> 'ftp://gaborone.dreamhost.com/frostydeals.com/wp-content/themes/frosty/archive.php'
2013-06-09 15:23:42: Copy New 'C:\wamp\www\Frosty\wp-content\themes\frosty\archives.php' -> 'ftp://gaborone.dreamhost.com/frostydeals.com/wp-content/themes/frosty/archives.php'
2013-06-09 15:23:44: Copy New 'C:\wamp\www\Frosty\wp-content\themes\frosty\assets\fonts\icomoon\IcoMoon Session.json' -> 'ftp://gaborone.dreamhost.com/frostydeals.com/wp-content/themes/frosty/assets/fonts/icomoon/IcoMoon Session.json'
2013-06-09 15:23:46: Copy New 'C:\wamp\www\Frosty\wp-content\themes\frosty\assets\fonts\icomoon\icomoon.dev.svg' -> 'ftp://gaborone.dreamhost.com/frostydeals.com/wp-content/themes/frosty/assets/fonts/icomoon/icomoon.dev.svg'
2013-06-09 15:23:47: Copy New 'C:\wamp\www\Frosty\wp-content\themes\frosty\assets\fonts\icomoon\icomoon.eot' -> 'ftp://gaborone.dreamhost.com/frostydeals.com/wp-content/themes/frosty/assets/fonts/icomoon/icomoon.eot'
2013-06-09 15:23:48: Copy New 'C:\wamp\www\Frosty\wp-content\themes\frosty\assets\fonts\icomoon\icomoon.svg' -> 'ftp://gaborone.dreamhost.com/frostydeals.com/wp-content/themes/frosty/assets/fonts/icomoon/icomoon.svg'
2013-06-09 15:23:49: Copy New 'C:\wamp\www\Frosty\wp-content\themes\frosty\assets\fonts\icomoon\icomoon.ttf' -> 'ftp://gaborone.dreamhost.com/frostydeals.com/wp-content/themes/frosty/assets/fonts/icomoon/icomoon.ttf'
2013-06-09 15:23:50: Copy New 'C:\wamp\www\Frosty\wp-content\themes\frosty\assets\fonts\icomoon\icomoon.woff' -> 'ftp://gaborone.dreamhost.com/frostydeals.com/wp-content/themes/frosty/assets/fonts/icomoon/icomoon.woff'
2013-06-09 15:23:50: Copy New 'C:\wamp\www\Frosty\wp-content\themes\frosty\assets\img\checkbox-checked.png' -> 'ftp://gaborone.dreamhost.com/frostydeals.com/wp-content/themes/frosty/assets/img/checkbox-checked.png'
2013-06-09 15:23:51: Copy New 'C:\wamp\www\Frosty\wp-content\themes\frosty\assets\img\checkbox-checked@2x.png' -> 'ftp://gaborone.dreamhost.com/frostydeals.com/wp-content/themes/frosty/assets/img/checkbox-checked@2x.png'
2013-06-09 15:23:52: Copy New 'C:\wamp\www\Frosty\wp-content\themes\frosty\assets\img\checkbox.png' -> 'ftp://gaborone.dreamhost.com/frostydeals.com/wp-content/themes/frosty/assets/img/checkbox.png'
2013-06-09 15:23:53: Copy New 'C:\wamp\www\Frosty\wp-content\themes\frosty\assets\img\checkbox@2x.png' -> 'ftp://gaborone.dreamhost.com/frostydeals.com/wp-content/themes/frosty/assets/img/checkbox@2x.png'
2013-06-09 15:23:54: Copy New 'C:\wamp\www\Frosty\wp-content\themes\frosty\assets\img\dropdown-arrow.png' -> 'ftp://gaborone.dreamhost.com/frostydeals.com/wp-content/themes/frosty/assets/img/dropdown-arrow.png'
2013-06-09 15:23:55: Copy New 'C:\wamp\www\Frosty\wp-content\themes\frosty\assets\img\dropdown-arrow@2x.png' -> 'ftp://gaborone.dreamhost.com/frostydeals.com/wp-content/themes/frosty/assets/img/dropdown-arrow@2x.png'
2013-06-09 15:23:56: Copy New 'C:\wamp\www\Frosty\wp-content\themes\frosty\assets\img\placeholder-banner-dark.jpg' -> 'ftp://gaborone.dreamhost.com/frostydeals.com/wp-content/themes/frosty/assets/img/placeholder-banner-dark.jpg'
2013-06-09 15:23:57: Copy New 'C:\wamp\www\Frosty\wp-content\themes\frosty\assets\img\placeholder-banner-dark@2x.jpg' -> 'ftp://gaborone.dreamhost.com/frostydeals.com/wp-content/themes/frosty/assets/img/placeholder-banner-dark@2x.jpg'
2013-06-09 15:23:58: Copy New 'C:\wamp\www\Frosty\wp-content\themes\frosty\assets\img\placeholder-standard-dark.jpg' -> 'ftp://gaborone.dreamhost.com/frostydeals.com/wp-content/themes/frosty/assets/img/placeholder-standard-dark.jpg'
2013-06-09 15:23:59: Copy New 'C:\wamp\www\Frosty\wp-content\themes\frosty\assets\img\placeholder-standard-dark@2x.jpg' -> 'ftp://gaborone.dreamhost.com/frostydeals.com/wp-content/themes/frosty/assets/img/placeholder-standard-dark@2x.jpg'
2013-06-09 15:24:00: Copy New 'C:\wamp\www\Frosty\wp-content\themes\frosty\assets\img\radio-checked.png' -> 'ftp://gaborone.dreamhost.com/frostydeals.com/wp-content/themes/frosty/assets/img/radio-checked.png'
2013-06-09 15:24:01: Copy New 'C:\wamp\www\Frosty\wp-content\themes\frosty\assets\img\radio-checked@2x.png' -> 'ftp://gaborone.dreamhost.com/frostydeals.com/wp-content/themes/frosty/assets/img/radio-checked@2x.png'
2013-06-09 15:24:01: Copy New 'C:\wamp\www\Frosty\wp-content\themes\frosty\assets\img\radio.png' -> 'ftp://gaborone.dreamhost.com/frostydeals.com/wp-content/themes/frosty/assets/img/radio.png'
2013-06-09 15:24:02: Copy New 'C:\wamp\www\Frosty\wp-content\themes\frosty\assets\img\radio@2x.png' -> 'ftp://gaborone.dreamhost.com/frostydeals.com/wp-content/themes/frosty/assets/img/radio@2x.png'
2013-06-09 15:24:03: Copy New 'C:\wamp\www\Frosty\wp-content\themes\frosty\assets\js\build.js' -> 'ftp://gaborone.dreamhost.com/frostydeals.com/wp-content/themes/frosty/assets/js/build.js'
2013-06-09 15:24:04: Copy New 'C:\wamp\www\Frosty\wp-content\themes\frosty\assets\js\Gruntfile.js' -> 'ftp://gaborone.dreamhost.com/frostydeals.com/wp-content/themes/frosty/assets/js/Gruntfile.js'
2013-06-09 15:24:05: Copy New 'C:\wamp\www\Frosty\wp-content\themes\frosty\assets\js\lib\functions.js' -> 'ftp://gaborone.dreamhost.com/frostydeals.com/wp-content/themes/frosty/assets/js/lib/functions.js'
2013-06-09 15:24:06: Copy New 'C:\wamp\www\Frosty\wp-content\themes\frosty\assets\js\lib\hippify.min.js' -> 'ftp://gaborone.dreamhost.com/frostydeals.com/wp-content/themes/frosty/assets/js/lib/hippify.min.js'
2013-06-09 15:24:07: Copy New 'C:\wamp\www\Frosty\wp-content\themes\frosty\assets\js\lib\jquery-1.9.1.min.js' -> 'ftp://gaborone.dreamhost.com/frostydeals.com/wp-content/themes/frosty/assets/js/lib/jquery-1.9.1.min.js'
2013-06-09 15:24:09: Copy New 'C:\wamp\www\Frosty\wp-content\themes\frosty\assets\js\lib\jquery-validate-1.12.0pre.min.js' -> 'ftp://gaborone.dreamhost.com/frostydeals.com/wp-content/themes/frosty/assets/js/lib/jquery-validate-1.12.0pre.min.js'
2013-06-09 15:24:10: Copy New 'C:\wamp\www\Frosty\wp-content\themes\frosty\assets\js\lib\jquery.fitvids.min.js' -> 'ftp://gaborone.dreamhost.com/frostydeals.com/wp-content/themes/frosty/assets/js/lib/jquery.fitvids.min.js'
2013-06-09 15:24:11: Copy New 'C:\wamp\www\Frosty\wp-content\themes\frosty\assets\js\lib\jquery.magnific-popup.min.js' -> 'ftp://gaborone.dreamhost.com/frostydeals.com/wp-content/themes/frosty/assets/js/lib/jquery.magnific-popup.min.js'
2013-06-09 15:24:12: Copy New 'C:\wamp\www\Frosty\wp-content\themes\frosty\assets\js\lib\jquery.mixitup.min.js' -> 'ftp://gaborone.dreamhost.com/frostydeals.com/wp-content/themes/frosty/assets/js/lib/jquery.mixitup.min.js'
2013-06-09 15:24:13: Copy New 'C:\wamp\www\Frosty\wp-content\themes\frosty\assets\js\lib\modules\forms.js' -> 'ftp://gaborone.dreamhost.com/frostydeals.com/wp-content/themes/frosty/assets/js/lib/modules/forms.js'
2013-06-09 15:24:14: Copy New 'C:\wamp\www\Frosty\wp-content\themes\frosty\assets\js\lib\modules\mobileNav.js' -> 'ftp://gaborone.dreamhost.com/frostydeals.com/wp-content/themes/frosty/assets/js/lib/modules/mobileNav.js'
2013-06-09 15:24:15: Copy New 'C:\wamp\www\Frosty\wp-content\themes\frosty\assets\js\main.js' -> 'ftp://gaborone.dreamhost.com/frostydeals.com/wp-content/themes/frosty/assets/js/main.js'
2013-06-09 15:24:16: Copy New 'C:\wamp\www\Frosty\wp-content\themes\frosty\assets\js\main.min.js' -> 'ftp://gaborone.dreamhost.com/frostydeals.com/wp-content/themes/frosty/assets/js/main.min.js'
2013-06-09 15:24:17: Copy New 'C:\wamp\www\Frosty\wp-content\themes\frosty\assets\js\package.json' -> 'ftp://gaborone.dreamhost.com/frostydeals.com/wp-content/themes/frosty/assets/js/package.json'
2013-06-09 15:24:19: Copy New 'C:\wamp\www\Frosty\wp-content\themes\frosty\assets\js\r.js' -> 'ftp://gaborone.dreamhost.com/frostydeals.com/wp-content/themes/frosty/assets/js/r.js'
2013-06-09 15:24:20: Copy New 'C:\wamp\www\Frosty\wp-content\themes\frosty\assets\js\require.js' -> 'ftp://gaborone.dreamhost.com/frostydeals.com/wp-content/themes/frosty/assets/js/require.js'
2013-06-09 15:24:21: Copy New 'C:\wamp\www\Frosty\wp-content\themes\frosty\favicon.ico' -> 'ftp://gaborone.dreamhost.com/frostydeals.com/wp-content/themes/frosty/favicon.ico'
2013-06-09 15:24:22: Copy New 'C:\wamp\www\Frosty\wp-content\themes\frosty\favicon.png' -> 'ftp://gaborone.dreamhost.com/frostydeals.com/wp-content/themes/frosty/favicon.png'
2013-06-09 15:24:23: Copy New 'C:\wamp\www\Frosty\wp-content\themes\frosty\filler.php' -> 'ftp://gaborone.dreamhost.com/frostydeals.com/wp-content/themes/frosty/filler.php'
2013-06-09 15:24:24: Copy New 'C:\wamp\www\Frosty\wp-content\themes\frosty\footer.php' -> 'ftp://gaborone.dreamhost.com/frostydeals.com/wp-content/themes/frosty/footer.php'
2013-06-09 15:24:25: Copy New 'C:\wamp\www\Frosty\wp-content\themes\frosty\functions.php' -> 'ftp://gaborone.dreamhost.com/frostydeals.com/wp-content/themes/frosty/functions.php'
2013-06-09 15:24:26: Copy New 'C:\wamp\www\Frosty\wp-content\themes\frosty\header.php' -> 'ftp://gaborone.dreamhost.com/frostydeals.com/wp-content/themes/frosty/header.php'
2013-06-09 15:24:27: Copy New 'C:\wamp\www\Frosty\wp-content\themes\frosty\humans.txt' -> 'ftp://gaborone.dreamhost.com/frostydeals.com/wp-content/themes/frosty/humans.txt'
2013-06-09 15:24:28: Copy New 'C:\wamp\www\Frosty\wp-content\themes\frosty\images\1saleaday.png' -> 'ftp://gaborone.dreamhost.com/frostydeals.com/wp-content/themes/frosty/images/1saleaday.png'
2013-06-09 15:24:29: Copy New 'C:\wamp\www\Frosty\wp-content\themes\frosty\images\_originals\1saleaday.png' -> 'ftp://gaborone.dreamhost.com/frostydeals.com/wp-content/themes/frosty/images/_originals/1saleaday.png'
2013-06-09 15:24:30: Copy New 'C:\wamp\www\Frosty\wp-content\themes\frosty\images\_originals\all.png' -> 'ftp://gaborone.dreamhost.com/frostydeals.com/wp-content/themes/frosty/images/_originals/all.png'
2013-06-09 15:24:31: Copy New 'C:\wamp\www\Frosty\wp-content\themes\frosty\images\_originals\midnightbox.png' -> 'ftp://gaborone.dreamhost.com/frostydeals.com/wp-content/themes/frosty/images/_originals/midnightbox.png'
2013-06-09 15:24:32: Copy New 'C:\wamp\www\Frosty\wp-content\themes\frosty\images\_originals\orig_woot-home.png' -> 'ftp://gaborone.dreamhost.com/frostydeals.com/wp-content/themes/frosty/images/_originals/orig_woot-home.png'
2013-06-09 15:24:33: Copy New 'C:\wamp\www\Frosty\wp-content\themes\frosty\images\_originals\orig_woot-kids.png' -> 'ftp://gaborone.dreamhost.com/frostydeals.com/wp-content/themes/frosty/images/_originals/orig_woot-kids.png'
2013-06-09 15:24:34: Copy New 'C:\wamp\www\Frosty\wp-content\themes\frosty\images\_originals\orig_woot-sellout.png' -> 'ftp://gaborone.dreamhost.com/frostydeals.com/wp-content/themes/frosty/images/_originals/orig_woot-sellout.png'
2013-06-09 15:24:35: Copy New 'C:\wamp\www\Frosty\wp-content\themes\frosty\images\_originals\orig_woot-shirt.png' -> 'ftp://gaborone.dreamhost.com/frostydeals.com/wp-content/themes/frosty/images/_originals/orig_woot-shirt.png'
2013-06-09 15:24:36: Copy New 'C:\wamp\www\Frosty\wp-content\themes\frosty\images\_originals\orig_woot-sport.png' -> 'ftp://gaborone.dreamhost.com/frostydeals.com/wp-content/themes/frosty/images/_originals/orig_woot-sport.png'
2013-06-09 15:24:38: Copy New 'C:\wamp\www\Frosty\wp-content\themes\frosty\images\_originals\orig_woot-wine.png' -> 'ftp://gaborone.dreamhost.com/frostydeals.com/wp-content/themes/frosty/images/_originals/orig_woot-wine.png'
2013-06-09 15:24:39: Copy New 'C:\wamp\www\Frosty\wp-content\themes\frosty\images\_originals\orig_woot.png' -> 'ftp://gaborone.dreamhost.com/frostydeals.com/wp-content/themes/frosty/images/_originals/orig_woot.png'
2013-06-09 15:24:40: Copy New 'C:\wamp\www\Frosty\wp-content\themes\frosty\images\_originals\sprite.8795b455f54d6f96244db41db40f26b5049a243c.png' -> 'ftp://gaborone.dreamhost.com/frostydeals.com/wp-content/themes/frosty/images/_originals/sprite.8795b455f54d6f96244db41db40f26b5049a243c.png'
2013-06-09 15:24:41: Copy New 'C:\wamp\www\Frosty\wp-content\themes\frosty\images\_originals\woot-home.png' -> 'ftp://gaborone.dreamhost.com/frostydeals.com/wp-content/themes/frosty/images/_originals/woot-home.png'
2013-06-09 15:24:42: Copy New 'C:\wamp\www\Frosty\wp-content\themes\frosty\images\_originals\woot-kids.png' -> 'ftp://gaborone.dreamhost.com/frostydeals.com/wp-content/themes/frosty/images/_originals/woot-kids.png'
2013-06-09 15:24:43: Copy New 'C:\wamp\www\Frosty\wp-content\themes\frosty\images\_originals\woot-sellout.png' -> 'ftp://gaborone.dreamhost.com/frostydeals.com/wp-content/themes/frosty/images/_originals/woot-sellout.png'
2013-06-09 15:24:44: Copy New 'C:\wamp\www\Frosty\wp-content\themes\frosty\images\_originals\woot-shirt.png' -> 'ftp://gaborone.dreamhost.com/frostydeals.com/wp-content/themes/frosty/images/_originals/woot-shirt.png'
2013-06-09 15:24:45: Copy New 'C:\wamp\www\Frosty\wp-content\themes\frosty\images\_originals\woot-sport.png' -> 'ftp://gaborone.dreamhost.com/frostydeals.com/wp-content/themes/frosty/images/_originals/woot-sport.png'
2013-06-09 15:24:45: Copy New 'C:\wamp\www\Frosty\wp-content\themes\frosty\images\_originals\woot-wine.png' -> 'ftp://gaborone.dreamhost.com/frostydeals.com/wp-content/themes/frosty/images/_originals/woot-wine.png'
2013-06-09 15:24:46: Copy New 'C:\wamp\www\Frosty\wp-content\themes\frosty\images\_originals\woot.png' -> 'ftp://gaborone.dreamhost.com/frostydeals.com/wp-content/themes/frosty/images/_originals/woot.png'
2013-06-09 15:24:47: Copy New 'C:\wamp\www\Frosty\wp-content\themes\frosty\images\_originals\yugster.png' -> 'ftp://gaborone.dreamhost.com/frostydeals.com/wp-content/themes/frosty/images/_originals/yugster.png'
2013-06-09 15:24:48: Copy New 'C:\wamp\www\Frosty\wp-content\themes\frosty\images\frosty-logo-mobile.png' -> 'ftp://gaborone.dreamhost.com/frostydeals.com/wp-content/themes/frosty/images/frosty-logo-mobile.png'
2013-06-09 15:24:49: Copy New 'C:\wamp\www\Frosty\wp-content\themes\frosty\images\home.woot.png' -> 'ftp://gaborone.dreamhost.com/frostydeals.com/wp-content/themes/frosty/images/home.woot.png'
2013-06-09 15:24:50: Copy New 'C:\wamp\www\Frosty\wp-content\themes\frosty\images\kids.woot.png' -> 'ftp://gaborone.dreamhost.com/frostydeals.com/wp-content/themes/frosty/images/kids.woot.png'
2013-06-09 15:24:51: Copy New 'C:\wamp\www\Frosty\wp-content\themes\frosty\images\midnightbox.png' -> 'ftp://gaborone.dreamhost.com/frostydeals.com/wp-content/themes/frosty/images/midnightbox.png'
2013-06-09 15:24:52: Copy New 'C:\wamp\www\Frosty\wp-content\themes\frosty\images\sellout.woot.png' -> 'ftp://gaborone.dreamhost.com/frostydeals.com/wp-content/themes/frosty/images/sellout.woot.png'
2013-06-09 15:24:53: Copy New 'C:\wamp\www\Frosty\wp-content\themes\frosty\images\shirt.woot.png' -> 'ftp://gaborone.dreamhost.com/frostydeals.com/wp-content/themes/frosty/images/shirt.woot.png'
2013-06-09 15:24:53: Copy New 'C:\wamp\www\Frosty\wp-content\themes\frosty\images\sport.woot.png' -> 'ftp://gaborone.dreamhost.com/frostydeals.com/wp-content/themes/frosty/images/sport.woot.png'
2013-06-09 15:24:54: Copy New 'C:\wamp\www\Frosty\wp-content\themes\frosty\images\wine.woot.png' -> 'ftp://gaborone.dreamhost.com/frostydeals.com/wp-content/themes/frosty/images/wine.woot.png'
2013-06-09 15:24:55: Copy New 'C:\wamp\www\Frosty\wp-content\themes\frosty\images\woot.png' -> 'ftp://gaborone.dreamhost.com/frostydeals.com/wp-content/themes/frosty/images/woot.png'
2013-06-09 15:24:56: Copy New 'C:\wamp\www\Frosty\wp-content\themes\frosty\images\yugster.png' -> 'ftp://gaborone.dreamhost.com/frostydeals.com/wp-content/themes/frosty/images/yugster.png'
2013-06-09 15:24:57: Copy New 'C:\wamp\www\Frosty\wp-content\themes\frosty\index.php' -> 'ftp://gaborone.dreamhost.com/frostydeals.com/wp-content/themes/frosty/index.php'
2013-06-09 15:24:58: Copy New 'C:\wamp\www\Frosty\wp-content\themes\frosty\lib\Fetch.php' -> 'ftp://gaborone.dreamhost.com/frostydeals.com/wp-content/themes/frosty/lib/Fetch.php'
2013-06-09 15:24:59: Copy New 'C:\wamp\www\Frosty\wp-content\themes\frosty\lib\MidnightBox.php' -> 'ftp://gaborone.dreamhost.com/frostydeals.com/wp-content/themes/frosty/lib/MidnightBox.php'
2013-06-09 15:25:00: Copy New 'C:\wamp\www\Frosty\wp-content\themes\frosty\lib\Scrape.php' -> 'ftp://gaborone.dreamhost.com/frostydeals.com/wp-content/themes/frosty/lib/Scrape.php'
2013-06-09 15:25:00: Copy New 'C:\wamp\www\Frosty\wp-content\themes\frosty\lib\scrape.temp' -> 'ftp://gaborone.dreamhost.com/frostydeals.com/wp-content/themes/frosty/lib/scrape.temp'
2013-06-09 15:25:01: Copy New 'C:\wamp\www\Frosty\wp-content\themes\frosty\lib\scrape.xml' -> 'ftp://gaborone.dreamhost.com/frostydeals.com/wp-content/themes/frosty/lib/scrape.xml'
2013-06-09 15:25:02: Copy New 'C:\wamp\www\Frosty\wp-content\themes\frosty\lib\Site.php' -> 'ftp://gaborone.dreamhost.com/frostydeals.com/wp-content/themes/frosty/lib/Site.php'
2013-06-09 15:25:03: Copy New 'C:\wamp\www\Frosty\wp-content\themes\frosty\lib\Woot.php' -> 'ftp://gaborone.dreamhost.com/frostydeals.com/wp-content/themes/frosty/lib/Woot.php'
2013-06-09 15:25:04: Copy New 'C:\wamp\www\Frosty\wp-content\themes\frosty\page.php' -> 'ftp://gaborone.dreamhost.com/frostydeals.com/wp-content/themes/frosty/page.php'
2013-06-09 15:25:05: Copy New 'C:\wamp\www\Frosty\wp-content\themes\frosty\robots.txt' -> 'ftp://gaborone.dreamhost.com/frostydeals.com/wp-content/themes/frosty/robots.txt'
2013-06-09 15:25:06: Copy New 'C:\wamp\www\Frosty\wp-content\themes\frosty\scrape\panel.php' -> 'ftp://gaborone.dreamhost.com/frostydeals.com/wp-content/themes/frosty/scrape/panel.php'
2013-06-09 15:25:07: Copy New 'C:\wamp\www\Frosty\wp-content\themes\frosty\screenshot.png' -> 'ftp://gaborone.dreamhost.com/frostydeals.com/wp-content/themes/frosty/screenshot.png'
2013-06-09 15:25:08: Copy New 'C:\wamp\www\Frosty\wp-content\themes\frosty\search.php' -> 'ftp://gaborone.dreamhost.com/frostydeals.com/wp-content/themes/frosty/search.php'
2013-06-09 15:25:09: Copy New 'C:\wamp\www\Frosty\wp-content\themes\frosty\single.php' -> 'ftp://gaborone.dreamhost.com/frostydeals.com/wp-content/themes/frosty/single.php'
2013-06-09 15:25:10: Copy New 'C:\wamp\www\Frosty\wp-content\themes\frosty\style.css' -> 'ftp://gaborone.dreamhost.com/frostydeals.com/wp-content/themes/frosty/style.css'
2013-06-09 15:25:11: Copy New 'C:\wamp\www\Frosty\wp-content\themes\frosty\touchicon.png' -> 'ftp://gaborone.dreamhost.com/frostydeals.com/wp-content/themes/frosty/touchicon.png'
2013-06-09 15:25:12: Copy New 'C:\wamp\www\Frosty\wp-content\themes\frosty\win8icon.png' -> 'ftp://gaborone.dreamhost.com/frostydeals.com/wp-content/themes/frosty/win8icon.png'
2013-06-09 15:25:12: Copy New 'C:\wamp\www\Frosty\wp-content\themes\frosty\wrapper.php' -> 'ftp://gaborone.dreamhost.com/frostydeals.com/wp-content/themes/frosty/wrapper.php'
2013-06-09 15:25:13: Save State File ftp://gaborone.dreamhost.com/frostydeals.com/wp-content/themes/frosty/_gsdata_/_file_state_v4._gs
2013-06-09 15:25:13: Items Synced OK: 106, Errors: 0
2013-06-09 15:25:14: == Sync Completed. Time: 00:01:40, Speed: 26.9 KB/s (8.45 KB/s)
2013-06-09 15:25:15: 
